2023-02-05 01:21:40:2140 error: {}
2023-02-05 01:24:34:2434 info: User record checked successfully.
2023-02-05 01:27:26:2726 error: Error In Check User
2023-02-05 01:28:53:2853 info: User record checked successfully.
2023-02-05 01:32:21:3221 info: User record checked successfully.
2023-02-05 01:35:27:3527 info: User record checked successfully.
2023-02-05 01:35:27:3527 error: {"code":"ERR_HTTP_HEADERS_SENT"}
2023-02-05 01:44:30:4430 info: User record checked successfully.
2023-02-05 01:44:30:4430 error: {"code":"ERR_HTTP_HEADERS_SENT"}
2023-02-05 01:47:19:4719 info: User record checked successfully.
2023-02-05 01:47:19:4719 error: {"code":"ERR_HTTP_HEADERS_SENT"}
2023-02-05 01:50:16:5016 info: User record checked successfully.
2023-02-05 01:50:16:5016 error: {"code":"ERR_HTTP_HEADERS_SENT"}
2023-02-05 01:51:23:5123 error: Error In Check User
2023-02-05 01:54:01:541 error: Error In Check User
2023-02-05 01:55:43:5543 info: User record checked successfully.
2023-02-05 01:55:43:5543 error: {"code":"ERR_HTTP_HEADERS_SENT"}
2023-02-05 01:57:43:5743 info: User record checked successfully.
2023-02-05 01:57:43:5743 error: {"code":"ERR_HTTP_HEADERS_SENT"}
2023-02-05 02:01:09:19 info: User record checked successfully.
2023-02-05 02:03:36:336 error: Error In Check User
2023-02-05 02:04:01:41 info: User record checked successfully.
2023-02-05 13:30:26:3026 info: User record checked successfully.
2023-02-05 13:30:26:3026 error: {"code":"ERR_HTTP_HEADERS_SENT"}
2023-02-05 13:34:06:346 info: User record checked successfully.
2023-02-05 13:34:06:346 error: {"code":"ERR_HTTP_HEADERS_SENT"}
2023-02-05 13:35:04:354 info: User record checked successfully.
2023-02-05 13:35:04:354 error: {"code":"ERR_HTTP_HEADERS_SENT"}
2023-02-05 13:37:48:3748 info: User record checked successfully.
2023-02-05 13:37:48:3748 error: {"code":"ERR_HTTP_HEADERS_SENT"}
2023-02-05 13:38:42:3842 info: User record checked successfully.
2023-02-05 13:38:42:3842 error: {"code":"ERR_HTTP_HEADERS_SENT"}
2023-02-05 13:44:15:4415 info: User record checked successfully.
2023-02-05 13:44:15:4415 error: {"code":"ERR_HTTP_HEADERS_SENT"}
2023-02-05 13:45:08:458 info: User record checked successfully.
2023-02-05 13:45:08:458 error: {"code":"ERR_HTTP_HEADERS_SENT"}
2023-02-05 13:46:41:4641 info: User record checked successfully.
2023-02-05 13:46:41:4641 error: {"code":"ERR_HTTP_HEADERS_SENT"}
2023-02-05 13:48:29:4829 info: User record checked successfully.
2023-02-05 13:49:46:4946 info: User record checked successfully.
2023-02-05 13:49:47:4947 error: {"code":"ERR_HTTP_HEADERS_SENT"}
2023-02-05 13:57:52:5752 info: User record checked successfully.
2023-02-05 13:57:52:5752 info: User logged in successfully
2023-02-05 13:59:38:5938 info: User record checked successfully.
2023-02-05 13:59:38:5938 info: User logged in successfully
2023-02-05 14:02:01:21 info: User record checked successfully.
2023-02-05 14:02:01:21 info: User logged in successfully
2023-02-05 14:03:19:319 info: User record checked successfully.
2023-02-05 14:03:20:320 info: User logged in successfully
2023-02-05 14:04:12:412 info: User record checked successfully.
2023-02-05 14:04:13:413 info: User logged in successfully
2023-02-05 14:05:26:526 info: User record checked successfully.
2023-02-05 14:05:27:527 info: User logged in successfully
2023-02-05 14:14:27:1427 info: User record checked successfully.
2023-02-05 14:14:27:1427 info: User logged in successfully
2023-02-05 14:19:04:194 info: User record checked successfully.
2023-02-05 14:19:05:195 info: User logged in successfully
2023-02-05 14:21:09:219 info: User record checked successfully.
2023-02-05 14:21:10:2110 info: User logged in successfully
2023-02-05 14:22:40:2240 info: User record checked successfully.
2023-02-05 14:22:41:2241 info: User logged in successfully
2023-02-05 14:24:19:2419 info: User record checked successfully.
2023-02-05 14:24:20:2420 error: {"code":"ERR_HTTP_HEADERS_SENT"}
2023-02-05 14:25:53:2553 info: User record checked successfully.
2023-02-05 14:25:53:2553 error: {"code":"ERR_HTTP_HEADERS_SENT"}
2023-02-05 14:42:41:4241 info: User record checked successfully.
2023-02-05 14:42:41:4241 info: User logged in successfully
2023-02-05 14:59:38:5938 error: {}
2023-02-05 14:59:38:5938 error: ReferenceError: checkBlogRecord is not defined
2023-02-05 15:03:43:343 error: {}
2023-02-05 15:03:43:343 error: TypeError: registerBlog is not a function
2023-02-05 15:07:55:755 error: Record already exists
2023-02-05 16:14:31:1431 error: undefined
2023-02-05 16:15:19:1519 error: undefined
2023-02-05 16:15:29:1529 error: undefined
2023-02-05 16:20:25:2025 info: User record checked successfully.
2023-02-05 16:20:25:2025 error: Modifier does not exist
2023-02-05 16:22:41:2241 info: User record checked successfully.
2023-02-05 16:22:41:2241 error: Modifier does not exist
2023-02-05 16:23:47:2347 info: User record checked successfully.
2023-02-05 16:23:47:2347 error: Modifier does not exist
2023-02-05 16:27:06:276 info: User record checked successfully.
2023-02-05 16:27:06:276 info: User logged in successfully
2023-02-05 16:31:07:317 info: User record checked successfully.
2023-02-05 16:31:07:317 error: Modifier does not exist
2023-02-05 16:31:16:3116 info: User record checked successfully.
2023-02-05 16:31:16:3116 error: Modifier does not exist
2023-02-05 16:33:41:3341 info: User record checked successfully.
2023-02-05 16:33:42:3342 info: User logged in successfully
2023-02-05 16:34:00:340 info: User record checked successfully.
2023-02-05 16:34:00:340 info: User logged in successfully
2023-02-05 16:42:26:4226 info: User record checked successfully.
2023-02-05 16:42:27:4227 info: User logged in successfully
2023-02-05 16:43:40:4340 info: User record checked successfully.
2023-02-05 16:43:40:4340 info: User logged in successfully
2023-02-05 16:44:57:4457 info: User record checked successfully.
2023-02-05 16:44:57:4457 error: Modifier does not exist
2023-02-05 16:45:26:4526 info: User record checked successfully.
2023-02-05 16:45:26:4526 error: Modifier does not exist
2023-02-05 16:45:27:4527 info: User record checked successfully.
2023-02-05 16:45:27:4527 error: Modifier does not exist
2023-02-05 16:46:54:4654 info: User record checked successfully.
2023-02-05 16:46:54:4654 error: Modifier does not exist
2023-02-05 18:19:02:192 info: User record checked successfully.
2023-02-05 18:19:02:192 error: Modifier does not exist
2023-02-05 18:19:54:1954 info: User record checked successfully.
2023-02-05 18:19:54:1954 error: Modifier does not exist
2023-02-05 18:21:50:2150 info: User record checked successfully.
2023-02-05 18:21:50:2150 error: Modifier does not exist
2023-02-05 18:22:24:2224 info: User record checked successfully.
2023-02-05 18:22:24:2224 error: Modifier does not exist
2023-02-05 18:23:28:2328 info: User record checked successfully.
2023-02-05 18:25:15:2515 info: User record checked successfully.
2023-02-05 18:25:58:2558 info: User record checked successfully.
2023-02-05 18:26:35:2635 info: User record checked successfully.
2023-02-05 18:27:41:2741 info: User record checked successfully.
2023-02-05 18:30:36:3036 info: User record checked successfully.
2023-02-05 18:31:31:3131 info: User record checked successfully.
2023-02-05 18:31:31:3131 info: User logged in successfully
2023-02-05 18:31:47:3147 info: User record checked successfully.
2023-02-05 18:32:44:3244 info: User record checked successfully.
2023-02-05 18:32:45:3245 info: User logged in successfully
2023-02-05 18:37:10:3710 info: User record checked successfully.
